<?xml version="1.0" encoding="UTF-8"?>
<!-- Generated by org.testng.reporters.JUnitXMLReporter -->
<testsuite ignored="0" hostname="ASUS-TUF-F15-1650Ti" failures="1" tests="3" name="Error Validation Test" time="33.053" errors="0" timestamp="2025-02-18T20:24:23 IST">
  <testcase classname="academy.tests.ErrorValidationsTest" name="LoginErrorValidation" time="0.625">
    <skipped/>
  </testcase> <!-- LoginErrorValidation -->
  <testcase classname="academy.tests.ErrorValidationsTest" name="LoginErrorValidation" time="0.539">
    <failure type="java.lang.AssertionError" message="expected [Incorrect email or password.] but found [Incorrect email r password.]">
      <![CDATA[java.lang.AssertionError: expected [Incorrect email or password.] but found [Incorrect email r password.]
at academy.tests.ErrorValidationsTest.LoginErrorValidation(ErrorValidationsTest.java:17)
at java.base/java.util.ArrayList.forEach(ArrayList.java:1597)
at java.base/java.util.concurrent.FutureTask.run(FutureTask.java:317)
at java.base/java.util.concurrent.ThreadPoolExecutor.runWorker(ThreadPoolExecutor.java:1144)
at java.base/java.util.concurrent.ThreadPoolExecutor$Worker.run(ThreadPoolExecutor.java:642)
at java.base/java.lang.Thread.run(Thread.java:1575)
... Removed 22 stack frames]]>
    </failure>
  </testcase> <!-- LoginErrorValidation -->
  <testcase classname="academy.tests.ErrorValidationsTest" name="ProductErrorValidation" time="13.619"/>
</testsuite> <!-- Error Validation Test -->
